Internal Server Error: /api/v1/demo/
Traceback (most recent call last):
  File "/home/ongraph/zzzz/venv/lib/python3.7/site-packages/django/core/handlers/exception.py", line 34, in inner
    response = get_response(request)
  File "/home/ongraph/zzzz/venv/lib/python3.7/site-packages/django/core/handlers/base.py", line 115, in _get_response
    response = self.process_exception_by_middleware(e, request)
  File "/home/ongraph/zzzz/venv/lib/python3.7/site-packages/django/core/handlers/base.py", line 113, in _get_response
    response = wrapped_callback(request, *callback_args, **callback_kwargs)
  File "/home/ongraph/zzzz/venv/lib/python3.7/site-packages/django/views/decorators/csrf.py", line 54, in wrapped_view
    return view_func(*args, **kwargs)
  File "/home/ongraph/zzzz/venv/lib/python3.7/site-packages/django/views/generic/base.py", line 71, in view
    return self.dispatch(request, *args, **kwargs)
  File "/home/ongraph/zzzz/venv/lib/python3.7/site-packages/rest_framework/views.py", line 505, in dispatch
    response = self.handle_exception(exc)
  File "/home/ongraph/zzzz/venv/lib/python3.7/site-packages/rest_framework/views.py", line 465, in handle_exception
    self.raise_uncaught_exception(exc)
  File "/home/ongraph/zzzz/venv/lib/python3.7/site-packages/rest_framework/views.py", line 476, in raise_uncaught_exception
    raise exc
  File "/home/ongraph/zzzz/venv/lib/python3.7/site-packages/rest_framework/views.py", line 502, in dispatch
    response = handler(request, *args, **kwargs)
  File "/home/ongraph/zzzz/demo_project/demo_app/views.py", line 20, in get
    qs = Demo.objects.get(id=16)
  File "/home/ongraph/zzzz/venv/lib/python3.7/site-packages/django/db/models/manager.py", line 82, in manager_method
    return getattr(self.get_queryset(), name)(*args, **kwargs)
  File "/home/ongraph/zzzz/venv/lib/python3.7/site-packages/django/db/models/query.py", line 417, in get
    self.model._meta.object_name
demo_app.models.Demo.DoesNotExist: Demo matching query does not exist.
"GET /api/v1/demo/ HTTP/1.1" 500 145
